<?xml version="1.0" encoding="UTF-8"?>
<testng-results skipped="0" failed="0" ignored="0" total="1" passed="1">
  <reporter-output>
  </reporter-output>
  <suite name="Default suite" duration-ms="711" started-at="2023-06-07T12:26:26 IST" finished-at="2023-06-07T12:26:27 IST">
    <groups>
    </groups>
    <test name="Default test" duration-ms="711" started-at="2023-06-07T12:26:26 IST" finished-at="2023-06-07T12:26:27 IST">
      <class name="StoredProcedure.ToCallStoredProcedure">
        <test-method status="PASS" signature="setup()[pri:0, instance:StoredProcedure.ToCallStoredProcedure@3712b94]" name="setup" is-config="true" duration-ms="622" started-at="2023-06-07T12:26:26 IST" finished-at="2023-06-07T12:26:27 IST">
          <reporter-output>
          </reporter-output>
        </test-method> <!-- setup -->
        <test-method status="PASS" signature="testProcedure()[pri:0, instance:StoredProcedure.ToCallStoredProcedure@3712b94]" name="testProcedure" duration-ms="63" started-at="2023-06-07T12:26:27 IST" finished-at="2023-06-07T12:26:27 IST">
          <reporter-output>
          </reporter-output>
        </test-method> <!-- testProcedure -->
        <test-method status="PASS" signature="teardown()[pri:0, instance:StoredProcedure.ToCallStoredProcedure@3712b94]" name="teardown" is-config="true" duration-ms="1" started-at="2023-06-07T12:26:27 IST" finished-at="2023-06-07T12:26:27 IST">
          <reporter-output>
          </reporter-output>
        </test-method> <!-- teardown -->
      </class> <!-- StoredProcedure.ToCallStoredProcedure -->
    </test> <!-- Default test -->
  </suite> <!-- Default suite -->
</testng-results>
