<?xml version="1.0" encoding="UTF-8"?>
<testng-results skipped="0" failed="0" ignored="0" total="1" passed="1">
  <reporter-output>
  </reporter-output>
  <suite name="Default suite" duration-ms="680" started-at="2023-06-09T19:07:32 IST" finished-at="2023-06-09T19:07:33 IST">
    <groups>
    </groups>
    <test name="Default test" duration-ms="680" started-at="2023-06-09T19:07:32 IST" finished-at="2023-06-09T19:07:33 IST">
      <class name="StoredProcedure.ToTestAStoredFunction">
        <test-method status="PASS" signature="setup()[pri:0, instance:StoredProcedure.ToTestAStoredFunction@3712b94]" name="setup" is-config="true" duration-ms="601" started-at="2023-06-09T19:07:32 IST" finished-at="2023-06-09T19:07:33 IST">
          <reporter-output>
          </reporter-output>
        </test-method> <!-- setup -->
        <test-method status="PASS" signature="testProcedure()[pri:0, instance:StoredProcedure.ToTestAStoredFunction@3712b94]" name="testProcedure" duration-ms="56" started-at="2023-06-09T19:07:33 IST" finished-at="2023-06-09T19:07:33 IST">
          <reporter-output>
          </reporter-output>
        </test-method> <!-- testProcedure -->
        <test-method status="PASS" signature="teardown()[pri:0, instance:StoredProcedure.ToTestAStoredFunction@3712b94]" name="teardown" is-config="true" duration-ms="1" started-at="2023-06-09T19:07:33 IST" finished-at="2023-06-09T19:07:33 IST">
          <reporter-output>
          </reporter-output>
        </test-method> <!-- teardown -->
      </class> <!-- StoredProcedure.ToTestAStoredFunction -->
    </test> <!-- Default test -->
  </suite> <!-- Default suite -->
</testng-results>
